<?xml version="1.0" encoding="UTF-8"?>
<!-- Generated by org.testng.reporters.JUnitReportReporter -->
<testsuite hostname="PENNANT-VSP173" failures="0" tests="4" name="main.test.controllers.StoreIndentControllerTest" time="0.926" errors="0" timestamp="2023-06-30T15:33:30 IST" skipped="0">
  <testcase classname="main.test.controllers.StoreIndentControllerTest" name="testGetStoreIndentProductsList" time="0.006"/>
  <testcase classname="main.test.controllers.StoreIndentControllerTest" name="testCreateStoreIndent" time="0.032"/>
  <testcase classname="main.test.controllers.StoreIndentControllerTest" name="testGetStoreIndentProductsListData" time="0.884"/>
  <testcase classname="main.test.controllers.StoreIndentControllerTest" name="testGetStoreIndentList" time="0.004"/>
</testsuite> <!-- main.test.controllers.StoreIndentControllerTest -->
